npm WARN EBADENGINE Unsupported engine {
npm WARN EBADENGINE   package: '@prisma/client@7.4.2',
npm WARN EBADENGINE   required: { node: '^20.19 || ^22.12 || >=24.0' },
npm WARN EBADENGINE   current: { node: 'v20.10.0', npm: '10.2.3' }
npm WARN EBADENGINE }
npm WARN EBADENGINE Unsupported engine {
npm WARN EBADENGINE   package: 'eslint-visitor-keys@5.0.1',
npm WARN EBADENGINE   required: { node: '^20.19.0 || ^22.13.0 || >=24' },
npm WARN EBADENGINE   current: { node: 'v20.10.0', npm: '10.2.3' }
npm WARN EBADENGINE }
npm WARN EBADENGINE Unsupported engine {
npm WARN EBADENGINE   package: 'prisma@7.4.2',
npm WARN EBADENGINE   required: { node: '^20.19 || ^22.12 || >=24.0' },
npm WARN EBADENGINE   current: { node: 'v20.10.0', npm: '10.2.3' }
npm WARN EBADENGINE }
npm ERR! code 1
npm ERR! path C:\Users\hp\Desktop\Achkid Tours\node_modules\prisma
npm ERR! command failed
npm ERR! command C:\WINDOWS\system32\cmd.exe /d /s /c node scripts/preinstall-entry.js
npm ERR! ┌────────────────────────────────────────────────────────────────────┐
npm ERR! │    Prisma only supports Node.js versions 20.19+, 22.12+, 24.0+.    │
npm ERR! │    Please upgrade your Node.js version.                            │
npm ERR! └────────────────────────────────────────────────────────────────────┘

npm ERR! A complete log of this run can be found in: C:\Users\hp\AppData\Local\npm-cache\_logs\2026-03-10T05_32_19_873Z-debug-0.log
